cabal: Entering directory '/var/folders/dk/92m5_2xx6vl3q127drdvlt_40000gn/T/cabal-tmp-1023/data-default-instances-dlist-0.0.1'
Configuring data-default-instances-dlist-0.0.1...
clang: warning: argument unused during compilation: '-nopie' [-Wunused-command-line-argument]
Preprocessing library for data-default-instances-dlist-0.0.1..
Building library for data-default-instances-dlist-0.0.1..
[1 of 1] Compiling Data.Default.Instances.DList ( Data/Default/Instances/DList.hs, dist/dist-sandbox-4e7c043e/build/Data/Default/Instances/DList.o )
[1 of 1] Compiling Data.Default.Instances.DList ( Data/Default/Instances/DList.hs, dist/dist-sandbox-4e7c043e/build/Data/Default/Instances/DList.p_o )
clang: warning: argument unused during compilation: '-nopie' [-Wunused-command-line-argument]
clang: warning: argument unused during compilation: '-nopie' [-Wunused-command-line-argument]
ignoring (possibly broken) abi-depends field for packages
Preprocessing library for data-default-instances-dlist-0.0.1..
Running Haddock on library for data-default-instances-dlist-0.0.1..
Haddock coverage:
  50% (  1 /  2) in 'Data.Default.Instances.DList'
  Missing documentation for:
    Module header
Documentation created:
dist/dist-sandbox-4e7c043e/doc/html/data-default-instances-dlist/index.html
Installing library in /Users/Bo/Documents/KI/Functioneel_Programmeren/Game/.cabal-sandbox/lib/x86_64-osx-ghc-8.4.3/data-default-instances-dlist-0.0.1-2cGUORzKvBfK9q3FyXPJJt
cabal: Leaving directory '/var/folders/dk/92m5_2xx6vl3q127drdvlt_40000gn/T/cabal-tmp-1023/data-default-instances-dlist-0.0.1'
