cabal: Entering directory '/var/folders/dk/92m5_2xx6vl3q127drdvlt_40000gn/T/cabal-tmp-1023/exceptions-0.10.0'
Configuring exceptions-0.10.0...
clang: warning: argument unused during compilation: '-nopie' [-Wunused-command-line-argument]
Preprocessing library for exceptions-0.10.0..
Building library for exceptions-0.10.0..
[1 of 2] Compiling Control.Monad.Catch ( src/Control/Monad/Catch.hs, dist/dist-sandbox-4e7c043e/build/Control/Monad/Catch.o )
[2 of 2] Compiling Control.Monad.Catch.Pure ( src/Control/Monad/Catch/Pure.hs, dist/dist-sandbox-4e7c043e/build/Control/Monad/Catch/Pure.o )
[1 of 2] Compiling Control.Monad.Catch ( src/Control/Monad/Catch.hs, dist/dist-sandbox-4e7c043e/build/Control/Monad/Catch.p_o )
clang: warning: argument unused during compilation: '-nopie' [-Wunused-command-line-argument]
clang: warning: argument unused during compilation: '-nopie' [-Wunused-command-line-argument]
[2 of 2] Compiling Control.Monad.Catch.Pure ( src/Control/Monad/Catch/Pure.hs, dist/dist-sandbox-4e7c043e/build/Control/Monad/Catch/Pure.p_o )
clang: warning: argument unused during compilation: '-nopie' [-Wunused-command-line-argument]
clang: warning: argument unused during compilation: '-nopie' [-Wunused-command-line-argument]
ignoring (possibly broken) abi-depends field for packages
Preprocessing library for exceptions-0.10.0..
Running Haddock on library for exceptions-0.10.0..
Haddock coverage:
 100% ( 33 / 33) in 'Control.Monad.Catch'
  80% (  8 / 10) in 'Control.Monad.Catch.Pure'
  Missing documentation for:
    Catch (/var/folders/dk/92m5_2xx6vl3q127drdvlt_40000gn/T/ghc7286_0/ghc_3.hscpp:205)
    runCatch (/var/folders/dk/92m5_2xx6vl3q127drdvlt_40000gn/T/ghc7286_0/ghc_3.hscpp:207)
Documentation created:
dist/dist-sandbox-4e7c043e/doc/html/exceptions/index.html
Installing library in /Users/Bo/Documents/KI/Functioneel_Programmeren/Game/.cabal-sandbox/lib/x86_64-osx-ghc-8.4.3/exceptions-0.10.0-DmsI5QMvE6e6QgVkMINEKb
cabal: Leaving directory '/var/folders/dk/92m5_2xx6vl3q127drdvlt_40000gn/T/cabal-tmp-1023/exceptions-0.10.0'
