cabal: Entering directory '/var/folders/dk/92m5_2xx6vl3q127drdvlt_40000gn/T/cabal-tmp-1023/old-locale-1.0.0.7'
Configuring old-locale-1.0.0.7...
clang: warning: argument unused during compilation: '-nopie' [-Wunused-command-line-argument]
Preprocessing library for old-locale-1.0.0.7..
Building library for old-locale-1.0.0.7..
[1 of 1] Compiling System.Locale    ( System/Locale.hs, dist/dist-sandbox-4e7c043e/build/System/Locale.o )
[1 of 1] Compiling System.Locale    ( System/Locale.hs, dist/dist-sandbox-4e7c043e/build/System/Locale.p_o )
clang: warning: argument unused during compilation: '-nopie' [-Wunused-command-line-argument]
clang: warning: argument unused during compilation: '-nopie' [-Wunused-command-line-argument]
ignoring (possibly broken) abi-depends field for packages
Preprocessing library for old-locale-1.0.0.7..
Running Haddock on library for old-locale-1.0.0.7..
Haddock coverage:
  60% (  3 /  5) in 'System.Locale'
  Missing documentation for:
    TimeLocale (/var/folders/dk/92m5_2xx6vl3q127drdvlt_40000gn/T/ghc3133_0/ghc_1.hscpp:101)
    defaultTimeLocale (/var/folders/dk/92m5_2xx6vl3q127drdvlt_40000gn/T/ghc3133_0/ghc_1.hscpp:114)
Documentation created:
dist/dist-sandbox-4e7c043e/doc/html/old-locale/index.html
Installing library in /Users/Bo/Documents/KI/Functioneel_Programmeren/Game/.cabal-sandbox/lib/x86_64-osx-ghc-8.4.3/old-locale-1.0.0.7-26K7wLFR2jK44UeOklvTCh
cabal: Leaving directory '/var/folders/dk/92m5_2xx6vl3q127drdvlt_40000gn/T/cabal-tmp-1023/old-locale-1.0.0.7'
