cabal: Entering directory '/var/folders/dk/92m5_2xx6vl3q127drdvlt_40000gn/T/cabal-tmp-1024/tagged-0.8.6'
Configuring tagged-0.8.6...
clang: warning: argument unused during compilation: '-nopie' [-Wunused-command-line-argument]
Preprocessing library for tagged-0.8.6..
Building library for tagged-0.8.6..
[1 of 2] Compiling Data.Proxy.TH    ( src/Data/Proxy/TH.hs, dist/dist-sandbox-4e7c043e/build/Data/Proxy/TH.o )
[2 of 2] Compiling Data.Tagged      ( src/Data/Tagged.hs, dist/dist-sandbox-4e7c043e/build/Data/Tagged.o )
[1 of 2] Compiling Data.Proxy.TH    ( src/Data/Proxy/TH.hs, dist/dist-sandbox-4e7c043e/build/Data/Proxy/TH.p_o )
clang: warning: argument unused during compilation: '-nopie' [-Wunused-command-line-argument]
clang: warning: argument unused during compilation: '-nopie' [-Wunused-command-line-argument]
[2 of 2] Compiling Data.Tagged      ( src/Data/Tagged.hs, dist/dist-sandbox-4e7c043e/build/Data/Tagged.p_o )
clang: warning: argument unused during compilation: '-nopie' [-Wunused-command-line-argument]
clang: warning: argument unused during compilation: '-nopie' [-Wunused-command-line-argument]
ignoring (possibly broken) abi-depends field for packages
Preprocessing library for tagged-0.8.6..
Running Haddock on library for tagged-0.8.6..
Haddock coverage:
  67% (  2 /  3) in 'Data.Proxy.TH'
  Missing documentation for:
    Module header
  93% ( 14 / 15) in 'Data.Tagged'
  Missing documentation for:
    witness (/var/folders/dk/92m5_2xx6vl3q127drdvlt_40000gn/T/ghc4518_0/ghc_1.hscpp:518)
Warning: Data.Tagged: could not find link destinations for:
    unsafeIndex unsafeRangeSize
Documentation created: dist/dist-sandbox-4e7c043e/doc/html/tagged/index.html
Installing library in /Users/Bo/Documents/KI/Functioneel_Programmeren/Game/.cabal-sandbox/lib/x86_64-osx-ghc-8.4.3/tagged-0.8.6-8akQ1aZG2N2GFJpoB5eGXO
cabal: Leaving directory '/var/folders/dk/92m5_2xx6vl3q127drdvlt_40000gn/T/cabal-tmp-1024/tagged-0.8.6'
