cabal: Entering directory '/var/folders/dk/92m5_2xx6vl3q127drdvlt_40000gn/T/cabal-tmp-1024/uniplate-1.6.12'
Configuring uniplate-1.6.12...
clang: warning: argument unused during compilation: '-nopie' [-Wunused-command-line-argument]
Preprocessing library for uniplate-1.6.12..
Building library for uniplate-1.6.12..
[ 1 of 21] Compiling Data.Generics.Uniplate.Data.Instances ( Data/Generics/Uniplate/Data/Instances.hs, dist/dist-sandbox-4e7c043e/build/Data/Generics/Uniplate/Data/Instances.o )
[ 2 of 21] Compiling Data.Generics.Uniplate.Internal.Utils ( Data/Generics/Uniplate/Internal/Utils.hs, dist/dist-sandbox-4e7c043e/build/Data/Generics/Uniplate/Internal/Utils.o )
[ 3 of 21] Compiling Data.Generics.Uniplate ( Data/Generics/Uniplate.hs, dist/dist-sandbox-4e7c043e/build/Data/Generics/Uniplate.o )
[ 4 of 21] Compiling Data.Generics.Str ( Data/Generics/Str.hs, dist/dist-sandbox-4e7c043e/build/Data/Generics/Str.o )
[ 5 of 21] Compiling Data.Generics.Uniplate.Internal.DataOnlyOperations ( Data/Generics/Uniplate/Internal/DataOnlyOperations.hs, dist/dist-sandbox-4e7c043e/build/Data/Generics/Uniplate/Internal/DataOnlyOperations.o )
[ 6 of 21] Compiling Data.Generics.Uniplate.Internal.Data ( Data/Generics/Uniplate/Internal/Data.hs, dist/dist-sandbox-4e7c043e/build/Data/Generics/Uniplate/Internal/Data.o )
[ 7 of 21] Compiling Data.Generics.Uniplate.DataOnly ( Data/Generics/Uniplate/DataOnly.hs, dist/dist-sandbox-4e7c043e/build/Data/Generics/Uniplate/DataOnly.o )
[ 8 of 21] Compiling Data.Generics.Uniplate.Operations ( Data/Generics/Uniplate/Operations.hs, dist/dist-sandbox-4e7c043e/build/Data/Generics/Uniplate/Operations.o )
[ 9 of 21] Compiling Data.Generics.Uniplate.Direct ( Data/Generics/Uniplate/Direct.hs, dist/dist-sandbox-4e7c043e/build/Data/Generics/Uniplate/Direct.o )
[10 of 21] Compiling Data.Generics.Uniplate.Data ( Data/Generics/Uniplate/Data.hs, dist/dist-sandbox-4e7c043e/build/Data/Generics/Uniplate/Data.o )
[11 of 21] Compiling Data.Generics.SYB ( Data/Generics/SYB.hs, dist/dist-sandbox-4e7c043e/build/Data/Generics/SYB.o )
[12 of 21] Compiling Data.Generics.Compos ( Data/Generics/Compos.hs, dist/dist-sandbox-4e7c043e/build/Data/Generics/Compos.o )
[13 of 21] Compiling Data.Generics.Uniplate.Typeable ( Data/Generics/Uniplate/Typeable.hs, dist/dist-sandbox-4e7c043e/build/Data/Generics/Uniplate/Typeable.o )
[14 of 21] Compiling Data.Generics.Uniplate.Zipper ( Data/Generics/Uniplate/Zipper.hs, dist/dist-sandbox-4e7c043e/build/Data/Generics/Uniplate/Zipper.o )
[15 of 21] Compiling Data.Generics.UniplateOn ( Data/Generics/UniplateOn.hs, dist/dist-sandbox-4e7c043e/build/Data/Generics/UniplateOn.o )
[16 of 21] Compiling Data.Generics.UniplateStr ( Data/Generics/UniplateStr.hs, dist/dist-sandbox-4e7c043e/build/Data/Generics/UniplateStr.o )
[17 of 21] Compiling Data.Generics.UniplateStrOn ( Data/Generics/UniplateStrOn.hs, dist/dist-sandbox-4e7c043e/build/Data/Generics/UniplateStrOn.o )
[18 of 21] Compiling Data.Generics.Biplate ( Data/Generics/Biplate.hs, dist/dist-sandbox-4e7c043e/build/Data/Generics/Biplate.o )
[19 of 21] Compiling Data.Generics.PlateTypeable ( Data/Generics/PlateTypeable.hs, dist/dist-sandbox-4e7c043e/build/Data/Generics/PlateTypeable.o )
[20 of 21] Compiling Data.Generics.PlateDirect ( Data/Generics/PlateDirect.hs, dist/dist-sandbox-4e7c043e/build/Data/Generics/PlateDirect.o )
[21 of 21] Compiling Data.Generics.PlateData ( Data/Generics/PlateData.hs, dist/dist-sandbox-4e7c043e/build/Data/Generics/PlateData.o )
[ 1 of 21] Compiling Data.Generics.Uniplate.Data.Instances ( Data/Generics/Uniplate/Data/Instances.hs, dist/dist-sandbox-4e7c043e/build/Data/Generics/Uniplate/Data/Instances.p_o )
clang: warning: argument unused during compilation: '-nopie' [-Wunused-command-line-argument]
clang: warning: argument unused during compilation: '-nopie' [-Wunused-command-line-argument]
[ 2 of 21] Compiling Data.Generics.Uniplate.Internal.Utils ( Data/Generics/Uniplate/Internal/Utils.hs, dist/dist-sandbox-4e7c043e/build/Data/Generics/Uniplate/Internal/Utils.p_o )
clang: warning: argument unused during compilation: '-nopie' [-Wunused-command-line-argument]
clang: warning: argument unused during compilation: '-nopie' [-Wunused-command-line-argument]
[ 3 of 21] Compiling Data.Generics.Uniplate ( Data/Generics/Uniplate.hs, dist/dist-sandbox-4e7c043e/build/Data/Generics/Uniplate.p_o )
clang: warning: argument unused during compilation: '-nopie' [-Wunused-command-line-argument]
clang: warning: argument unused during compilation: '-nopie' [-Wunused-command-line-argument]
[ 4 of 21] Compiling Data.Generics.Str ( Data/Generics/Str.hs, dist/dist-sandbox-4e7c043e/build/Data/Generics/Str.p_o )
clang: warning: argument unused during compilation: '-nopie' [-Wunused-command-line-argument]
clang: warning: argument unused during compilation: '-nopie' [-Wunused-command-line-argument]
[ 5 of 21] Compiling Data.Generics.Uniplate.Internal.DataOnlyOperations ( Data/Generics/Uniplate/Internal/DataOnlyOperations.hs, dist/dist-sandbox-4e7c043e/build/Data/Generics/Uniplate/Internal/DataOnlyOperations.p_o )
clang: warning: argument unused during compilation: '-nopie' [-Wunused-command-line-argument]
clang: warning: argument unused during compilation: '-nopie' [-Wunused-command-line-argument]
[ 6 of 21] Compiling Data.Generics.Uniplate.Internal.Data ( Data/Generics/Uniplate/Internal/Data.hs, dist/dist-sandbox-4e7c043e/build/Data/Generics/Uniplate/Internal/Data.p_o )
clang: warning: argument unused during compilation: '-nopie' [-Wunused-command-line-argument]
clang: warning: argument unused during compilation: '-nopie' [-Wunused-command-line-argument]
[ 7 of 21] Compiling Data.Generics.Uniplate.DataOnly ( Data/Generics/Uniplate/DataOnly.hs, dist/dist-sandbox-4e7c043e/build/Data/Generics/Uniplate/DataOnly.p_o )
clang: warning: argument unused during compilation: '-nopie' [-Wunused-command-line-argument]
clang: warning: argument unused during compilation: '-nopie' [-Wunused-command-line-argument]
[ 8 of 21] Compiling Data.Generics.Uniplate.Operations ( Data/Generics/Uniplate/Operations.hs, dist/dist-sandbox-4e7c043e/build/Data/Generics/Uniplate/Operations.p_o )
clang: warning: argument unused during compilation: '-nopie' [-Wunused-command-line-argument]
clang: warning: argument unused during compilation: '-nopie' [-Wunused-command-line-argument]
[ 9 of 21] Compiling Data.Generics.Uniplate.Direct ( Data/Generics/Uniplate/Direct.hs, dist/dist-sandbox-4e7c043e/build/Data/Generics/Uniplate/Direct.p_o )
clang: warning: argument unused during compilation: '-nopie' [-Wunused-command-line-argument]
clang: warning: argument unused during compilation: '-nopie' [-Wunused-command-line-argument]
[10 of 21] Compiling Data.Generics.Uniplate.Data ( Data/Generics/Uniplate/Data.hs, dist/dist-sandbox-4e7c043e/build/Data/Generics/Uniplate/Data.p_o )
clang: warning: argument unused during compilation: '-nopie' [-Wunused-command-line-argument]
clang: warning: argument unused during compilation: '-nopie' [-Wunused-command-line-argument]
[11 of 21] Compiling Data.Generics.SYB ( Data/Generics/SYB.hs, dist/dist-sandbox-4e7c043e/build/Data/Generics/SYB.p_o )
clang: warning: argument unused during compilation: '-nopie' [-Wunused-command-line-argument]
clang: warning: argument unused during compilation: '-nopie' [-Wunused-command-line-argument]
[12 of 21] Compiling Data.Generics.Compos ( Data/Generics/Compos.hs, dist/dist-sandbox-4e7c043e/build/Data/Generics/Compos.p_o )
clang: warning: argument unused during compilation: '-nopie' [-Wunused-command-line-argument]
clang: warning: argument unused during compilation: '-nopie' [-Wunused-command-line-argument]
[13 of 21] Compiling Data.Generics.Uniplate.Typeable ( Data/Generics/Uniplate/Typeable.hs, dist/dist-sandbox-4e7c043e/build/Data/Generics/Uniplate/Typeable.p_o )
clang: warning: argument unused during compilation: '-nopie' [-Wunused-command-line-argument]
clang: warning: argument unused during compilation: '-nopie' [-Wunused-command-line-argument]
[14 of 21] Compiling Data.Generics.Uniplate.Zipper ( Data/Generics/Uniplate/Zipper.hs, dist/dist-sandbox-4e7c043e/build/Data/Generics/Uniplate/Zipper.p_o )
clang: warning: argument unused during compilation: '-nopie' [-Wunused-command-line-argument]
clang: warning: argument unused during compilation: '-nopie' [-Wunused-command-line-argument]
[15 of 21] Compiling Data.Generics.UniplateOn ( Data/Generics/UniplateOn.hs, dist/dist-sandbox-4e7c043e/build/Data/Generics/UniplateOn.p_o )
clang: warning: argument unused during compilation: '-nopie' [-Wunused-command-line-argument]
clang: warning: argument unused during compilation: '-nopie' [-Wunused-command-line-argument]
[16 of 21] Compiling Data.Generics.UniplateStr ( Data/Generics/UniplateStr.hs, dist/dist-sandbox-4e7c043e/build/Data/Generics/UniplateStr.p_o )
clang: warning: argument unused during compilation: '-nopie' [-Wunused-command-line-argument]
clang: warning: argument unused during compilation: '-nopie' [-Wunused-command-line-argument]
[17 of 21] Compiling Data.Generics.UniplateStrOn ( Data/Generics/UniplateStrOn.hs, dist/dist-sandbox-4e7c043e/build/Data/Generics/UniplateStrOn.p_o )
clang: warning: argument unused during compilation: '-nopie' [-Wunused-command-line-argument]
clang: warning: argument unused during compilation: '-nopie' [-Wunused-command-line-argument]
[18 of 21] Compiling Data.Generics.Biplate ( Data/Generics/Biplate.hs, dist/dist-sandbox-4e7c043e/build/Data/Generics/Biplate.p_o )
clang: warning: argument unused during compilation: '-nopie' [-Wunused-command-line-argument]
clang: warning: argument unused during compilation: '-nopie' [-Wunused-command-line-argument]
[19 of 21] Compiling Data.Generics.PlateTypeable ( Data/Generics/PlateTypeable.hs, dist/dist-sandbox-4e7c043e/build/Data/Generics/PlateTypeable.p_o )
clang: warning: argument unused during compilation: '-nopie' [-Wunused-command-line-argument]
clang: warning: argument unused during compilation: '-nopie' [-Wunused-command-line-argument]
[20 of 21] Compiling Data.Generics.PlateDirect ( Data/Generics/PlateDirect.hs, dist/dist-sandbox-4e7c043e/build/Data/Generics/PlateDirect.p_o )
clang: warning: argument unused during compilation: '-nopie' [-Wunused-command-line-argument]
clang: warning: argument unused during compilation: '-nopie' [-Wunused-command-line-argument]
[21 of 21] Compiling Data.Generics.PlateData ( Data/Generics/PlateData.hs, dist/dist-sandbox-4e7c043e/build/Data/Generics/PlateData.p_o )
clang: warning: argument unused during compilation: '-nopie' [-Wunused-command-line-argument]
clang: warning: argument unused during compilation: '-nopie' [-Wunused-command-line-argument]
ignoring (possibly broken) abi-depends field for packages
Preprocessing library for uniplate-1.6.12..
Running Haddock on library for uniplate-1.6.12..
Haddock coverage:
 100% ( 16 / 16) in 'Data.Generics.Uniplate.Data.Instances'
 100% ( 19 / 19) in 'Data.Generics.Uniplate'
  67% (  6 /  9) in 'Data.Generics.Str'
  Missing documentation for:
    Str (/var/folders/dk/92m5_2xx6vl3q127drdvlt_40000gn/T/ghc5754_0/ghc_1.hscpp:122)
    strMap (/var/folders/dk/92m5_2xx6vl3q127drdvlt_40000gn/T/ghc5754_0/ghc_1.hscpp:133)
    strMapM (/var/folders/dk/92m5_2xx6vl3q127drdvlt_40000gn/T/ghc5754_0/ghc_1.hscpp:143)
  75% ( 24 / 32) in 'Data.Generics.Uniplate.DataOnly'
  Missing documentation for:
    universeBi (/var/folders/dk/92m5_2xx6vl3q127drdvlt_40000gn/T/ghc5754_0/ghc_39.hscpp:295)
    transformBi (/var/folders/dk/92m5_2xx6vl3q127drdvlt_40000gn/T/ghc5754_0/ghc_39.hscpp:318)
    transformBiM (/var/folders/dk/92m5_2xx6vl3q127drdvlt_40000gn/T/ghc5754_0/ghc_39.hscpp:324)
    rewriteBi (/var/folders/dk/92m5_2xx6vl3q127drdvlt_40000gn/T/ghc5754_0/ghc_39.hscpp:329)
    rewriteBiM (/var/folders/dk/92m5_2xx6vl3q127drdvlt_40000gn/T/ghc5754_0/ghc_39.hscpp:334)
    contextsBi (/var/folders/dk/92m5_2xx6vl3q127drdvlt_40000gn/T/ghc5754_0/ghc_39.hscpp:341)
    holesBi (/var/folders/dk/92m5_2xx6vl3q127drdvlt_40000gn/T/ghc5754_0/ghc_39.hscpp:349)
    Transformer (/var/folders/dk/92m5_2xx6vl3q127drdvlt_40000gn/T/ghc5754_0/ghc_37.hscpp:395)
  76% ( 22 / 29) in 'Data.Generics.Uniplate.Operations'
  Missing documentation for:
    universeBi (/var/folders/dk/92m5_2xx6vl3q127drdvlt_40000gn/T/ghc5754_0/ghc_15.hscpp:309)
    transformBi (/var/folders/dk/92m5_2xx6vl3q127drdvlt_40000gn/T/ghc5754_0/ghc_15.hscpp:332)
    transformBiM (/var/folders/dk/92m5_2xx6vl3q127drdvlt_40000gn/T/ghc5754_0/ghc_15.hscpp:338)
    rewriteBi (/var/folders/dk/92m5_2xx6vl3q127drdvlt_40000gn/T/ghc5754_0/ghc_15.hscpp:343)
    rewriteBiM (/var/folders/dk/92m5_2xx6vl3q127drdvlt_40000gn/T/ghc5754_0/ghc_15.hscpp:348)
    contextsBi (/var/folders/dk/92m5_2xx6vl3q127drdvlt_40000gn/T/ghc5754_0/ghc_15.hscpp:355)
    holesBi (/var/folders/dk/92m5_2xx6vl3q127drdvlt_40000gn/T/ghc5754_0/ghc_15.hscpp:363)
 100% ( 11 / 11) in 'Data.Generics.Uniplate.Direct'
  80% (  4 /  5) in 'Data.Generics.Uniplate.Data'
  Missing documentation for:
    Transformer (/var/folders/dk/92m5_2xx6vl3q127drdvlt_40000gn/T/ghc5754_0/ghc_37.hscpp:395)
 100% ( 13 / 13) in 'Data.Generics.SYB'
 100% (  8 /  8) in 'Data.Generics.Compos'
 100% ( 10 / 10) in 'Data.Generics.Uniplate.Typeable'
 100% ( 14 / 14) in 'Data.Generics.Uniplate.Zipper'
  36% (  5 / 14) in 'Data.Generics.UniplateOn'
  Missing documentation for:
    universeOn (/var/folders/dk/92m5_2xx6vl3q127drdvlt_40000gn/T/ghc5754_0/ghc_23.hscpp:139)
    transformOn (/var/folders/dk/92m5_2xx6vl3q127drdvlt_40000gn/T/ghc5754_0/ghc_23.hscpp:151)
    transformOnM (/var/folders/dk/92m5_2xx6vl3q127drdvlt_40000gn/T/ghc5754_0/ghc_23.hscpp:156)
    rewriteOn (/var/folders/dk/92m5_2xx6vl3q127drdvlt_40000gn/T/ghc5754_0/ghc_23.hscpp:161)
    rewriteOnM (/var/folders/dk/92m5_2xx6vl3q127drdvlt_40000gn/T/ghc5754_0/ghc_23.hscpp:166)
    descendOn (/var/folders/dk/92m5_2xx6vl3q127drdvlt_40000gn/T/ghc5754_0/ghc_23.hscpp:171)
    descendOnM (/var/folders/dk/92m5_2xx6vl3q127drdvlt_40000gn/T/ghc5754_0/ghc_23.hscpp:176)
    holesOn (/var/folders/dk/92m5_2xx6vl3q127drdvlt_40000gn/T/ghc5754_0/ghc_23.hscpp:184)
    contextsOn (/var/folders/dk/92m5_2xx6vl3q127drdvlt_40000gn/T/ghc5754_0/ghc_23.hscpp:191)
 100% ( 16 / 16) in 'Data.Generics.UniplateStr'
  36% (  5 / 14) in 'Data.Generics.UniplateStrOn'
  Missing documentation for:
    universeOn (/var/folders/dk/92m5_2xx6vl3q127drdvlt_40000gn/T/ghc5754_0/ghc_27.hscpp:143)
    transformOn (/var/folders/dk/92m5_2xx6vl3q127drdvlt_40000gn/T/ghc5754_0/ghc_27.hscpp:165)
    transformOnM (/var/folders/dk/92m5_2xx6vl3q127drdvlt_40000gn/T/ghc5754_0/ghc_27.hscpp:170)
    rewriteOn (/var/folders/dk/92m5_2xx6vl3q127drdvlt_40000gn/T/ghc5754_0/ghc_27.hscpp:175)
    rewriteOnM (/var/folders/dk/92m5_2xx6vl3q127drdvlt_40000gn/T/ghc5754_0/ghc_27.hscpp:180)
    descendOn (/var/folders/dk/92m5_2xx6vl3q127drdvlt_40000gn/T/ghc5754_0/ghc_27.hscpp:185)
    descendOnM (/var/folders/dk/92m5_2xx6vl3q127drdvlt_40000gn/T/ghc5754_0/ghc_27.hscpp:190)
    holesOn (/var/folders/dk/92m5_2xx6vl3q127drdvlt_40000gn/T/ghc5754_0/ghc_27.hscpp:196)
    contextsOn (/var/folders/dk/92m5_2xx6vl3q127drdvlt_40000gn/T/ghc5754_0/ghc_27.hscpp:203)
  29% (  4 / 14) in 'Data.Generics.Biplate'
  Missing documentation for:
    universeBi (/var/folders/dk/92m5_2xx6vl3q127drdvlt_40000gn/T/ghc5754_0/ghc_29.hscpp:154)
    childrenBi (/var/folders/dk/92m5_2xx6vl3q127drdvlt_40000gn/T/ghc5754_0/ghc_29.hscpp:158)
    transformBi (/var/folders/dk/92m5_2xx6vl3q127drdvlt_40000gn/T/ghc5754_0/ghc_29.hscpp:164)
    transformBiM (/var/folders/dk/92m5_2xx6vl3q127drdvlt_40000gn/T/ghc5754_0/ghc_29.hscpp:168)
    rewriteBi (/var/folders/dk/92m5_2xx6vl3q127drdvlt_40000gn/T/ghc5754_0/ghc_29.hscpp:172)
    rewriteBiM (/var/folders/dk/92m5_2xx6vl3q127drdvlt_40000gn/T/ghc5754_0/ghc_29.hscpp:176)
    descendBi (/var/folders/dk/92m5_2xx6vl3q127drdvlt_40000gn/T/ghc5754_0/ghc_29.hscpp:180)
    descendBiM (/var/folders/dk/92m5_2xx6vl3q127drdvlt_40000gn/T/ghc5754_0/ghc_29.hscpp:184)
    contextsBi (/var/folders/dk/92m5_2xx6vl3q127drdvlt_40000gn/T/ghc5754_0/ghc_29.hscpp:190)
    holesBi (/var/folders/dk/92m5_2xx6vl3q127drdvlt_40000gn/T/ghc5754_0/ghc_29.hscpp:194)
 100% ( 10 / 10) in 'Data.Generics.PlateTypeable'
 100% ( 10 / 10) in 'Data.Generics.PlateDirect'
 100% (  2 /  2) in 'Data.Generics.PlateData'
Warning: Data.Generics.Uniplate.Direct: could not find link destinations for:
    Type
Warning: Data.Generics.Uniplate.Typeable: could not find link destinations for:
    Type
Warning: Data.Generics.PlateTypeable: could not find link destinations for:
    Type
Warning: Data.Generics.PlateDirect: could not find link destinations for:
    Type
Documentation created: dist/dist-sandbox-4e7c043e/doc/html/uniplate/index.html
Installing library in /Users/Bo/Documents/KI/Functioneel_Programmeren/Game/.cabal-sandbox/lib/x86_64-osx-ghc-8.4.3/uniplate-1.6.12-2wRs8rMUcgqnlcodXGoQY
cabal: Leaving directory '/var/folders/dk/92m5_2xx6vl3q127drdvlt_40000gn/T/cabal-tmp-1024/uniplate-1.6.12'
