cabal: Entering directory '/var/folders/dk/92m5_2xx6vl3q127drdvlt_40000gn/T/cabal-tmp-1023/uuid-types-1.0.3'
Configuring uuid-types-1.0.3...
clang: warning: argument unused during compilation: '-nopie' [-Wunused-command-line-argument]
Preprocessing library for uuid-types-1.0.3..
Building library for uuid-types-1.0.3..
[1 of 3] Compiling Data.UUID.Types.Internal.Builder ( Data/UUID/Types/Internal/Builder.hs, dist/dist-sandbox-4e7c043e/build/Data/UUID/Types/Internal/Builder.o )
[2 of 3] Compiling Data.UUID.Types.Internal ( Data/UUID/Types/Internal.hs, dist/dist-sandbox-4e7c043e/build/Data/UUID/Types/Internal.o )
[3 of 3] Compiling Data.UUID.Types  ( Data/UUID/Types.hs, dist/dist-sandbox-4e7c043e/build/Data/UUID/Types.o )
[1 of 3] Compiling Data.UUID.Types.Internal.Builder ( Data/UUID/Types/Internal/Builder.hs, dist/dist-sandbox-4e7c043e/build/Data/UUID/Types/Internal/Builder.p_o )
clang: warning: argument unused during compilation: '-nopie' [-Wunused-command-line-argument]
clang: warning: argument unused during compilation: '-nopie' [-Wunused-command-line-argument]
[2 of 3] Compiling Data.UUID.Types.Internal ( Data/UUID/Types/Internal.hs, dist/dist-sandbox-4e7c043e/build/Data/UUID/Types/Internal.p_o )
clang: warning: argument unused during compilation: '-nopie' [-Wunused-command-line-argument]
clang: warning: argument unused during compilation: '-nopie' [-Wunused-command-line-argument]
[3 of 3] Compiling Data.UUID.Types  ( Data/UUID/Types.hs, dist/dist-sandbox-4e7c043e/build/Data/UUID/Types.p_o )
clang: warning: argument unused during compilation: '-nopie' [-Wunused-command-line-argument]
clang: warning: argument unused during compilation: '-nopie' [-Wunused-command-line-argument]
ignoring (possibly broken) abi-depends field for packages
Preprocessing library for uuid-types-1.0.3..
Running Haddock on library for uuid-types-1.0.3..
Haddock coverage:
 100% ( 16 / 16) in 'Data.UUID.Types'
Documentation created:
dist/dist-sandbox-4e7c043e/doc/html/uuid-types/index.html
Installing library in /Users/Bo/Documents/KI/Functioneel_Programmeren/Game/.cabal-sandbox/lib/x86_64-osx-ghc-8.4.3/uuid-types-1.0.3-tE9Bfk2PgXDUPgbtamBdI
cabal: Leaving directory '/var/folders/dk/92m5_2xx6vl3q127drdvlt_40000gn/T/cabal-tmp-1023/uuid-types-1.0.3'
